Analysis & Synthesis report for Convolution
Sun May 27 14:56:42 2018
Quartus Prime Version 16.1.0 Build 196 10/24/2016 SJ Lite Edition


---------------------
; Table of Contents ;
---------------------
  1. Legal Notice
  2. Analysis & Synthesis Summary
  3. Analysis & Synthesis Settings
  4. Parallel Compilation
  5. Analysis & Synthesis Source Files Read
  6. Analysis & Synthesis Resource Usage Summary
  7. Analysis & Synthesis Resource Utilization by Entity
  8. State Machine - |fifo_ctrl_fsm|state_present
  9. General Register Statistics
 10. Post-Synthesis Netlist Statistics for Top Partition
 11. Elapsed Time Per Partition
 12. Analysis & Synthesis Messages



----------------
; Legal Notice ;
----------------
Copyright (C) 2016  Intel Corporation. All rights reserved.
Your use of Intel Corporation's design tools, logic functions 
and other software and tools, and its AMPP partner logic 
functions, and any output files from any of the foregoing 
(including device programming or simulation files), and any 
associated documentation or information are expressly subject 
to the terms and conditions of the Intel Program License 
Subscription Agreement, the Intel Quartus Prime License Agreement,
the Intel MegaCore Function License Agreement, or other 
applicable license agreement, including, without limitation, 
that your use is for the sole purpose of programming logic 
devices manufactured by Intel and sold by Intel or its 
authorized distributors.  Please refer to the applicable 
agreement for further details.



+-------------------------------------------------------------------------------+
; Analysis & Synthesis Summary                                                  ;
+---------------------------------+---------------------------------------------+
; Analysis & Synthesis Status     ; Successful - Sun May 27 14:56:42 2018       ;
; Quartus Prime Version           ; 16.1.0 Build 196 10/24/2016 SJ Lite Edition ;
; Revision Name                   ; Convolution                                 ;
; Top-level Entity Name           ; fifo_ctrl_fsm                               ;
; Family                          ; Cyclone V                                   ;
; Logic utilization (in ALMs)     ; N/A                                         ;
; Total registers                 ; 3                                           ;
; Total pins                      ; 6                                           ;
; Total virtual pins              ; 0                                           ;
; Total block memory bits         ; 0                                           ;
; Total DSP Blocks                ; 0                                           ;
; Total HSSI RX PCSs              ; 0                                           ;
; Total HSSI PMA RX Deserializers ; 0                                           ;
; Total HSSI TX PCSs              ; 0                                           ;
; Total HSSI PMA TX Serializers   ; 0                                           ;
; Total PLLs                      ; 0                                           ;
; Total DLLs                      ; 0                                           ;
+---------------------------------+---------------------------------------------+


+---------------------------------------------------------------------------------------------------------------------------+
; Analysis & Synthesis Settings                                                                                             ;
+---------------------------------------------------------------------------------+--------------------+--------------------+
; Option                                                                          ; Setting            ; Default Value      ;
+---------------------------------------------------------------------------------+--------------------+--------------------+
; Device                                                                          ; 5CSEMA5F31C6       ;                    ;
; Top-level entity name                                                           ; fifo_ctrl_fsm      ; Convolution        ;
; Family name                                                                     ; Cyclone V          ; Cyclone V          ;
; Use smart compilation                                                           ; Off                ; Off                ;
; Enable parallel Assembler and TimeQuest Timing Analyzer during compilation      ; On                 ; On                 ;
; Enable compact report table                                                     ; Off                ; Off                ;
; Restructure Multiplexers                                                        ; Auto               ; Auto               ;
; MLAB Add Timing Constraints For Mixed-Port Feed-Through Mode Setting Don't Care ; Off                ; Off                ;
; Create Debugging Nodes for IP Cores                                             ; Off                ; Off                ;
; Preserve fewer node names                                                       ; On                 ; On                 ;
; OpenCore Plus hardware evaluation                                               ; Enable             ; Enable             ;
; Verilog Version                                                                 ; Verilog_2001       ; Verilog_2001       ;
; VHDL Version                                                                    ; VHDL_1993          ; VHDL_1993          ;
; State Machine Processing                                                        ; Auto               ; Auto               ;
; Safe State Machine                                                              ; Off                ; Off                ;
; Extract Verilog State Machines                                                  ; On                 ; On                 ;
; Extract VHDL State Machines                                                     ; On                 ; On                 ;
; Ignore Verilog initial constructs                                               ; Off                ; Off                ;
; Iteration limit for constant Verilog loops                                      ; 5000               ; 5000               ;
; Iteration limit for non-constant Verilog loops                                  ; 250                ; 250                ;
; Add Pass-Through Logic to Inferred RAMs                                         ; On                 ; On                 ;
; Infer RAMs from Raw Logic                                                       ; On                 ; On                 ;
; Parallel Synthesis                                                              ; On                 ; On                 ;
; DSP Block Balancing                                                             ; Auto               ; Auto               ;
; NOT Gate Push-Back                                                              ; On                 ; On                 ;
; Power-Up Don't Care                                                             ; On                 ; On                 ;
; Remove Redundant Logic Cells                                                    ; Off                ; Off                ;
; Remove Duplicate Registers                                                      ; On                 ; On                 ;
; Ignore CARRY Buffers                                                            ; Off                ; Off                ;
; Ignore CASCADE Buffers                                                          ; Off                ; Off                ;
; Ignore GLOBAL Buffers                                                           ; Off                ; Off                ;
; Ignore ROW GLOBAL Buffers                                                       ; Off                ; Off                ;
; Ignore LCELL Buffers                                                            ; Off                ; Off                ;
; Ignore SOFT Buffers                                                             ; On                 ; On                 ;
; Limit AHDL Integers to 32 Bits                                                  ; Off                ; Off                ;
; Optimization Technique                                                          ; Balanced           ; Balanced           ;
; Carry Chain Length                                                              ; 70                 ; 70                 ;
; Auto Carry Chains                                                               ; On                 ; On                 ;
; Auto Open-Drain Pins                                                            ; On                 ; On                 ;
; Perform WYSIWYG Primitive Resynthesis                                           ; Off                ; Off                ;
; Auto ROM Replacement                                                            ; On                 ; On                 ;
; Auto RAM Replacement                                                            ; On                 ; On                 ;
; Auto DSP Block Replacement                                                      ; On                 ; On                 ;
; Auto Shift Register Replacement                                                 ; Auto               ; Auto               ;
; Allow Shift Register Merging across Hierarchies                                 ; Auto               ; Auto               ;
; Auto Clock Enable Replacement                                                   ; On                 ; On                 ;
; Strict RAM Replacement                                                          ; Off                ; Off                ;
; Allow Synchronous Control Signals                                               ; On                 ; On                 ;
; Force Use of Synchronous Clear Signals                                          ; Off                ; Off                ;
; Auto Resource Sharing                                                           ; Off                ; Off                ;
; Allow Any RAM Size For Recognition                                              ; Off                ; Off                ;
; Allow Any ROM Size For Recognition                                              ; Off                ; Off                ;
; Allow Any Shift Register Size For Recognition                                   ; Off                ; Off                ;
; Use LogicLock Constraints during Resource Balancing                             ; On                 ; On                 ;
; Ignore translate_off and synthesis_off directives                               ; Off                ; Off                ;
; Timing-Driven Synthesis                                                         ; On                 ; On                 ;
; Report Parameter Settings                                                       ; On                 ; On                 ;
; Report Source Assignments                                                       ; On                 ; On                 ;
; Report Connectivity Checks                                                      ; On                 ; On                 ;
; Ignore Maximum Fan-Out Assignments                                              ; Off                ; Off                ;
; Synchronization Register Chain Length                                           ; 3                  ; 3                  ;
; PowerPlay Power Optimization During Synthesis                                   ; Normal compilation ; Normal compilation ;
; HDL message level                                                               ; Level2             ; Level2             ;
; Suppress Register Optimization Related Messages                                 ; Off                ; Off                ;
; Number of Removed Registers Reported in Synthesis Report                        ; 5000               ; 5000               ;
; Number of Swept Nodes Reported in Synthesis Report                              ; 5000               ; 5000               ;
; Number of Inverted Registers Reported in Synthesis Report                       ; 100                ; 100                ;
; Clock MUX Protection                                                            ; On                 ; On                 ;
; Auto Gated Clock Conversion                                                     ; Off                ; Off                ;
; Block Design Naming                                                             ; Auto               ; Auto               ;
; SDC constraint protection                                                       ; Off                ; Off                ;
; Synthesis Effort                                                                ; Auto               ; Auto               ;
; Shift Register Replacement - Allow Asynchronous Clear Signal                    ; On                 ; On                 ;
; Pre-Mapping Resynthesis Optimization                                            ; Off                ; Off                ;
; Analysis & Synthesis Message Level                                              ; Medium             ; Medium             ;
; Disable Register Merging Across Hierarchies                                     ; Auto               ; Auto               ;
; Resource Aware Inference For Block RAM                                          ; On                 ; On                 ;
; Automatic Parallel Synthesis                                                    ; On                 ; On                 ;
; Partial Reconfiguration Bitstream ID                                            ; Off                ; Off                ;
+---------------------------------------------------------------------------------+--------------------+--------------------+


+------------------------------------------+
; Parallel Compilation                     ;
+----------------------------+-------------+
; Processors                 ; Number      ;
+----------------------------+-------------+
; Number detected on machine ; 4           ;
; Maximum allowed            ; 2           ;
;                            ;             ;
; Average used               ; 1.00        ;
; Maximum used               ; 2           ;
;                            ;             ;
; Usage by Processor         ; % Time Used ;
;     Processor 1            ; 100.0%      ;
;     Processor 2            ;   0.0%      ;
+----------------------------+-------------+


+--------------------------------------------------------------------------------------------------------------------------------------------------+
; Analysis & Synthesis Source Files Read                                                                                                           ;
+----------------------------------+-----------------+-----------------+-----------------------------------------------------------------+---------+
; File Name with User-Entered Path ; Used in Netlist ; File Type       ; File Name with Absolute Path                                    ; Library ;
+----------------------------------+-----------------+-----------------+-----------------------------------------------------------------+---------+
; fifo_ctrl_fsm.vhd                ; yes             ; User VHDL File  ; C:/Users/User/Desktop/phase2/phase2/Convolute/fifo_ctrl_fsm.vhd ;         ;
+----------------------------------+-----------------+-----------------+-----------------------------------------------------------------+---------+


+-------------------------------------------------------------------------+
; Analysis & Synthesis Resource Usage Summary                             ;
+---------------------------------------------+---------------------------+
; Resource                                    ; Usage                     ;
+---------------------------------------------+---------------------------+
; Estimate of Logic utilization (ALMs needed) ; 2                         ;
;                                             ;                           ;
; Combinational ALUT usage for logic          ; 3                         ;
;     -- 7 input functions                    ; 0                         ;
;     -- 6 input functions                    ; 0                         ;
;     -- 5 input functions                    ; 0                         ;
;     -- 4 input functions                    ; 1                         ;
;     -- <=3 input functions                  ; 2                         ;
;                                             ;                           ;
; Dedicated logic registers                   ; 3                         ;
;                                             ;                           ;
; I/O pins                                    ; 6                         ;
;                                             ;                           ;
; Total DSP Blocks                            ; 0                         ;
;                                             ;                           ;
; Maximum fan-out node                        ; state_present.Wait_Rd_Ack ;
; Maximum fan-out                             ; 3                         ;
; Total fan-out                               ; 27                        ;
; Average fan-out                             ; 1.50                      ;
+---------------------------------------------+---------------------------+


+------------------------------------------------------------------------------------------------------------------------------------------------------------------------------------------+
; Analysis & Synthesis Resource Utilization by Entity                                                                                                                                      ;
+----------------------------+---------------------+---------------------------+-------------------+------------+------+--------------+---------------------+---------------+--------------+
; Compilation Hierarchy Node ; Combinational ALUTs ; Dedicated Logic Registers ; Block Memory Bits ; DSP Blocks ; Pins ; Virtual Pins ; Full Hierarchy Name ; Entity Name   ; Library Name ;
+----------------------------+---------------------+---------------------------+-------------------+------------+------+--------------+---------------------+---------------+--------------+
; |fifo_ctrl_fsm             ; 3 (3)               ; 3 (3)                     ; 0                 ; 0          ; 6    ; 0            ; |fifo_ctrl_fsm      ; fifo_ctrl_fsm ; work         ;
+----------------------------+---------------------+---------------------------+-------------------+------------+------+--------------+---------------------+---------------+--------------+
Note: For table entries with two numbers listed, the numbers in parentheses indicate the number of resources of the given type used by the specific entity alone. The numbers listed outside of parentheses indicate the total resources of the given type used by the specific entity and all of its sub-entities in the hierarchy.


Encoding Type:  One-Hot
+-------------------------------------------------------------------------------------------------------+
; State Machine - |fifo_ctrl_fsm|state_present                                                          ;
+---------------------------+---------------------------+--------------------------+--------------------+
; Name                      ; state_present.Wait_Rd_Ack ; state_present.Send_Rdreq ; state_present.Idle ;
+---------------------------+---------------------------+--------------------------+--------------------+
; state_present.Idle        ; 0                         ; 0                        ; 0                  ;
; state_present.Send_Rdreq  ; 0                         ; 1                        ; 1                  ;
; state_present.Wait_Rd_Ack ; 1                         ; 0                        ; 1                  ;
+---------------------------+---------------------------+--------------------------+--------------------+


+------------------------------------------------------+
; General Register Statistics                          ;
+----------------------------------------------+-------+
; Statistic                                    ; Value ;
+----------------------------------------------+-------+
; Total registers                              ; 3     ;
; Number of registers using Synchronous Clear  ; 0     ;
; Number of registers using Synchronous Load   ; 0     ;
; Number of registers using Asynchronous Clear ; 3     ;
; Number of registers using Asynchronous Load  ; 0     ;
; Number of registers using Clock Enable       ; 0     ;
; Number of registers using Preset             ; 0     ;
+----------------------------------------------+-------+


+-----------------------------------------------------+
; Post-Synthesis Netlist Statistics for Top Partition ;
+-----------------------+-----------------------------+
; Type                  ; Count                       ;
+-----------------------+-----------------------------+
; arriav_ff             ; 3                           ;
;     CLR               ; 3                           ;
; arriav_lcell_comb     ; 3                           ;
;     normal            ; 3                           ;
;         3 data inputs ; 2                           ;
;         4 data inputs ; 1                           ;
; boundary_port         ; 6                           ;
;                       ;                             ;
; Max LUT depth         ; 1.00                        ;
; Average LUT depth     ; 0.80                        ;
+-----------------------+-----------------------------+


+-------------------------------+
; Elapsed Time Per Partition    ;
+----------------+--------------+
; Partition Name ; Elapsed Time ;
+----------------+--------------+
; Top            ; 00:00:01     ;
+----------------+--------------+


+-------------------------------+
; Analysis & Synthesis Messages ;
+-------------------------------+
Info: *******************************************************************
Info: Running Quartus Prime Analysis & Synthesis
    Info: Version 16.1.0 Build 196 10/24/2016 SJ Lite Edition
    Info: Processing started: Sun May 27 14:56:20 2018
Info: Command: quartus_map --read_settings_files=on --write_settings_files=off Convolution -c Convolution
Warning (18236): Number of processors has not been specified which may cause overloading on shared machines.  Set the global assignment NUM_PARALLEL_PROCESSORS in your QSF to an appropriate value for best performance.
Info (20030): Parallel compilation is enabled and will use 2 of the 2 processors detected
Info (12021): Found 2 design units, including 1 entities, in source file pixel_out_counter.vhd
    Info (12022): Found design unit 1: pixel_out_counter-beh File: C:/Users/User/Desktop/phase2/phase2/Convolute/pixel_out_counter.vhd Line: 16
    Info (12023): Found entity 1: pixel_out_counter File: C:/Users/User/Desktop/phase2/phase2/Convolute/pixel_out_counter.vhd Line: 5
Info (12021): Found 2 design units, including 1 entities, in source file test_generic_shift_reg.vhd
    Info (12022): Found design unit 1: test_generic_shift_reg-beh File: C:/Users/User/Desktop/phase2/phase2/Convolute/test_generic_shift_reg.vhd Line: 8
    Info (12023): Found entity 1: test_generic_shift_reg File: C:/Users/User/Desktop/phase2/phase2/Convolute/test_generic_shift_reg.vhd Line: 5
Info (12021): Found 2 design units, including 1 entities, in source file generic_shift_reg.vhd
    Info (12022): Found design unit 1: generic_shift_reg-beh File: C:/Users/User/Desktop/phase2/phase2/Convolute/generic_shift_reg.vhd Line: 20
    Info (12023): Found entity 1: generic_shift_reg File: C:/Users/User/Desktop/phase2/phase2/Convolute/generic_shift_reg.vhd Line: 5
Info (12021): Found 2 design units, including 1 entities, in source file test_convolution.vhd
    Info (12022): Found design unit 1: test_convolution-testing File: C:/Users/User/Desktop/phase2/phase2/Convolute/test_convolution.vhd Line: 8
    Info (12023): Found entity 1: test_convolution File: C:/Users/User/Desktop/phase2/phase2/Convolute/test_convolution.vhd Line: 5
Info (12021): Found 2 design units, including 1 entities, in source file convolution.vhd
    Info (12022): Found design unit 1: Convolution-beh File: C:/Users/User/Desktop/phase2/phase2/Convolute/Convolution.vhd Line: 16
    Info (12023): Found entity 1: Convolution File: C:/Users/User/Desktop/phase2/phase2/Convolute/Convolution.vhd Line: 5
Info (12021): Found 2 design units, including 1 entities, in source file filtering.vhd
    Info (12022): Found design unit 1: Filtering-filt_beh File: C:/Users/User/Desktop/phase2/phase2/Convolute/Filtering.vhd Line: 25
    Info (12023): Found entity 1: Filtering File: C:/Users/User/Desktop/phase2/phase2/Convolute/Filtering.vhd Line: 5
Info (12021): Found 2 design units, including 1 entities, in source file gradient.vhd
    Info (12022): Found design unit 1: Gradient-combining File: C:/Users/User/Desktop/phase2/phase2/Convolute/Gradient.vhd Line: 23
    Info (12023): Found entity 1: Gradient File: C:/Users/User/Desktop/phase2/phase2/Convolute/Gradient.vhd Line: 5
Info (12021): Found 2 design units, including 1 entities, in source file test_filtering.vhd
    Info (12022): Found design unit 1: test_filtering-testing File: C:/Users/User/Desktop/phase2/phase2/Convolute/test_filtering.vhd Line: 8
    Info (12023): Found entity 1: test_filtering File: C:/Users/User/Desktop/phase2/phase2/Convolute/test_filtering.vhd Line: 5
Info (12021): Found 2 design units, including 1 entities, in source file dual_ram.vhd
    Info (12022): Found design unit 1: dual_ram-SYN File: C:/Users/User/Desktop/phase2/phase2/Convolute/DUAL_RAM.vhd Line: 61
    Info (12023): Found entity 1: DUAL_RAM File: C:/Users/User/Desktop/phase2/phase2/Convolute/DUAL_RAM.vhd Line: 43
Info (12021): Found 2 design units, including 1 entities, in source file shift_register.vhd
    Info (12022): Found design unit 1: shift_register-shift File: C:/Users/User/Desktop/phase2/phase2/Convolute/shift_register.vhd Line: 16
    Info (12023): Found entity 1: shift_register File: C:/Users/User/Desktop/phase2/phase2/Convolute/shift_register.vhd Line: 5
Info (12021): Found 2 design units, including 1 entities, in source file buffer_module.vhd
    Info (12022): Found design unit 1: Buffer_Module-buff File: C:/Users/User/Desktop/phase2/phase2/Convolute/Buffer_Module.vhd Line: 18
    Info (12023): Found entity 1: Buffer_Module File: C:/Users/User/Desktop/phase2/phase2/Convolute/Buffer_Module.vhd Line: 6
Info (12021): Found 2 design units, including 1 entities, in source file single_ram.vhd
    Info (12022): Found design unit 1: single_ram-SYN File: C:/Users/User/Desktop/phase2/phase2/Convolute/SINGLE_RAM.vhd Line: 56
    Info (12023): Found entity 1: SINGLE_RAM File: C:/Users/User/Desktop/phase2/phase2/Convolute/SINGLE_RAM.vhd Line: 43
Info (12021): Found 2 design units, including 1 entities, in source file conv_sys.vhd
    Info (12022): Found design unit 1: conv_sys-beh_conv File: C:/Users/User/Desktop/phase2/phase2/Convolute/conv_sys.vhd Line: 25
    Info (12023): Found entity 1: conv_sys File: C:/Users/User/Desktop/phase2/phase2/Convolute/conv_sys.vhd Line: 6
Info (12021): Found 2 design units, including 1 entities, in source file address_counter.vhd
    Info (12022): Found design unit 1: address_counter-cnt File: C:/Users/User/Desktop/phase2/phase2/Convolute/address_counter.vhd Line: 17
    Info (12023): Found entity 1: address_counter File: C:/Users/User/Desktop/phase2/phase2/Convolute/address_counter.vhd Line: 5
Info (12021): Found 2 design units, including 1 entities, in source file pixel_counter.vhd
    Info (12022): Found design unit 1: pixel_counter-cnt File: C:/Users/User/Desktop/phase2/phase2/Convolute/pixel_counter.vhd Line: 22
    Info (12023): Found entity 1: pixel_counter File: C:/Users/User/Desktop/phase2/phase2/Convolute/pixel_counter.vhd Line: 5
Info (12021): Found 2 design units, including 1 entities, in source file test_system.vhd
    Info (12022): Found design unit 1: test_system-test_sys File: C:/Users/User/Desktop/phase2/phase2/Convolute/test_system.vhd Line: 10
    Info (12023): Found entity 1: test_system File: C:/Users/User/Desktop/phase2/phase2/Convolute/test_system.vhd Line: 6
Info (12021): Found 2 design units, including 1 entities, in source file test_shift_reg.vhd
    Info (12022): Found design unit 1: test_shift_reg-test_shift File: C:/Users/User/Desktop/phase2/phase2/Convolute/test_shift_reg.vhd Line: 9
    Info (12023): Found entity 1: test_shift_reg File: C:/Users/User/Desktop/phase2/phase2/Convolute/test_shift_reg.vhd Line: 5
Info (12021): Found 2 design units, including 1 entities, in source file test_buff.vhd
    Info (12022): Found design unit 1: test_buff-testing_buff File: C:/Users/User/Desktop/phase2/phase2/Convolute/test_buff.vhd Line: 10
    Info (12023): Found entity 1: test_buff File: C:/Users/User/Desktop/phase2/phase2/Convolute/test_buff.vhd Line: 6
Info (12021): Found 2 design units, including 1 entities, in source file distributor.vhd
    Info (12022): Found design unit 1: Distributor-distribute File: C:/Users/User/Desktop/phase2/phase2/Convolute/Distributor.vhd Line: 18
    Info (12023): Found entity 1: Distributor File: C:/Users/User/Desktop/phase2/phase2/Convolute/Distributor.vhd Line: 5
Info (12021): Found 2 design units, including 1 entities, in source file test_dist.vhd
    Info (12022): Found design unit 1: test_dist-t_dist File: C:/Users/User/Desktop/phase2/phase2/Convolute/test_dist.vhd Line: 8
    Info (12023): Found entity 1: test_dist File: C:/Users/User/Desktop/phase2/phase2/Convolute/test_dist.vhd Line: 5
Info (12021): Found 2 design units, including 1 entities, in source file test_ip_block.vhd
    Info (12022): Found design unit 1: test_IP_Block-test_IP File: C:/Users/User/Desktop/phase2/phase2/Convolute/test_IP_Block.vhd Line: 10
    Info (12023): Found entity 1: test_IP_Block File: C:/Users/User/Desktop/phase2/phase2/Convolute/test_IP_Block.vhd Line: 6
Info (12021): Found 2 design units, including 1 entities, in source file conv_fsm.vhd
    Info (12022): Found design unit 1: Conv_FSM-logic File: C:/Users/User/Desktop/phase2/phase2/Convolute/Conv_FSM.vhd Line: 23
    Info (12023): Found entity 1: Conv_FSM File: C:/Users/User/Desktop/phase2/phase2/Convolute/Conv_FSM.vhd Line: 5
Info (12021): Found 2 design units, including 1 entities, in source file pixel_accumulator.vhd
    Info (12022): Found design unit 1: pixel_accumulator-beh File: C:/Users/User/Desktop/phase2/phase2/Convolute/pixel_accumulator.vhd Line: 20
    Info (12023): Found entity 1: pixel_accumulator File: C:/Users/User/Desktop/phase2/phase2/Convolute/pixel_accumulator.vhd Line: 10
Info (12021): Found 2 design units, including 1 entities, in source file test_pixel_accumulator.vhd
    Info (12022): Found design unit 1: test_pixel_accumulator-beh File: C:/Users/User/Desktop/phase2/phase2/Convolute/test_pixel_accumulator.vhd Line: 8
    Info (12023): Found entity 1: test_pixel_accumulator File: C:/Users/User/Desktop/phase2/phase2/Convolute/test_pixel_accumulator.vhd Line: 5
Info (12021): Found 2 design units, including 1 entities, in source file pixelchunkoutfifo.vhd
    Info (12022): Found design unit 1: pixelchunkoutfifo-SYN File: C:/Users/User/Desktop/phase2/phase2/Convolute/PixelChunkOutFIFO.vhd Line: 59
    Info (12023): Found entity 1: PixelChunkOutFIFO File: C:/Users/User/Desktop/phase2/phase2/Convolute/PixelChunkOutFIFO.vhd Line: 43
Info (12021): Found 2 design units, including 1 entities, in source file fifo_ctrl_fsm.vhd
    Info (12022): Found design unit 1: fifo_ctrl_fsm-beh File: C:/Users/User/Desktop/phase2/phase2/Convolute/fifo_ctrl_fsm.vhd Line: 14
    Info (12023): Found entity 1: fifo_ctrl_fsm File: C:/Users/User/Desktop/phase2/phase2/Convolute/fifo_ctrl_fsm.vhd Line: 5
Info (12127): Elaborating entity "fifo_ctrl_fsm" for the top level hierarchy
Warning (10492): VHDL Process Statement warning at fifo_ctrl_fsm.vhd(23): signal "state_present" is read inside the Process Statement but isn't in the Process Statement's sensitivity list File: C:/Users/User/Desktop/phase2/phase2/Convolute/fifo_ctrl_fsm.vhd Line: 23
Warning (10492): VHDL Process Statement warning at fifo_ctrl_fsm.vhd(26): signal "fifo_empty" is read inside the Process Statement but isn't in the Process Statement's sensitivity list File: C:/Users/User/Desktop/phase2/phase2/Convolute/fifo_ctrl_fsm.vhd Line: 26
Warning (10492): VHDL Process Statement warning at fifo_ctrl_fsm.vhd(26): signal "fifo_read_ack" is read inside the Process Statement but isn't in the Process Statement's sensitivity list File: C:/Users/User/Desktop/phase2/phase2/Convolute/fifo_ctrl_fsm.vhd Line: 26
Warning (10492): VHDL Process Statement warning at fifo_ctrl_fsm.vhd(36): signal "fifo_read_ack" is read inside the Process Statement but isn't in the Process Statement's sensitivity list File: C:/Users/User/Desktop/phase2/phase2/Convolute/fifo_ctrl_fsm.vhd Line: 36
Info (286030): Timing-Driven Synthesis is running
Info (16010): Generating hard_block partition "hard_block:auto_generated_inst"
    Info (16011): Adding 0 node(s), including 0 DDIO, 0 PLL, 0 transceiver and 0 LCELL
Info (21057): Implemented 9 device resources after synthesis - the final resource count might be different
    Info (21058): Implemented 4 input pins
    Info (21059): Implemented 2 output pins
    Info (21061): Implemented 3 logic cells
Info: Quartus Prime Analysis & Synthesis was successful. 0 errors, 5 warnings
    Info: Peak virtual memory: 713 megabytes
    Info: Processing ended: Sun May 27 14:56:42 2018
    Info: Elapsed time: 00:00:22
    Info: Total CPU time (on all processors): 00:00:47


