Info: Starting: Create block symbol file (.bsf)
Info: qsys-generate D:\qsys\hardware\Computer_System.qsys --block-symbol-file --output-directory=D:\qsys\hardware\Computer_System --family="Cyclone V" --part=5CSEMA5F31C6
Progress: Loading hardware/Computer_System.qsys
Progress: Reading input file
Progress: Adding ARM_A9_HPS [altera_hps 16.1]
Progress: Parameterizing module ARM_A9_HPS
Progress: Adding AV_Config [altera_up_avalon_audio_and_video_config 16.1]
Progress: Parameterizing module AV_Config
Progress: Adding Audio_Subsystem [Audio_Subsystem 1.0]
Progress: Reading input file
Progress: Adding Audio [altera_up_avalon_audio 17.1]
Warning: Audio: Used altera_up_avalon_audio 16.1 (instead of 17.1)
Progress: Parameterizing module Audio
Progress: Adding Audio_PLL [altera_up_avalon_audio_pll 17.1]
Warning: Audio_PLL: Used altera_up_avalon_audio_pll 16.1 (instead of 17.1)
Progress: Parameterizing module Audio_PLL
Progress: Adding Sys_Clk [clock_source 17.1]
Warning: Sys_Clk: Used clock_source 16.1 (instead of 17.1)
Progress: Parameterizing module Sys_Clk
Progress: Building connections
Progress: Parameterizing connections
Progress: Validating
Progress: Done reading input file
Progress: Parameterizing module Audio_Subsystem
Progress: Adding Expansion_JP1 [altera_avalon_pio 16.1]
Progress: Parameterizing module Expansion_JP1
Progress: Adding Expansion_JP2 [altera_avalon_pio 16.1]
Progress: Parameterizing module Expansion_JP2
Progress: Adding F2H_Mem_Window_00000000 [altera_address_span_extender 16.1]
Progress: Parameterizing module F2H_Mem_Window_00000000
Progress: Adding F2H_Mem_Window_FF600000 [altera_address_span_extender 16.1]
Progress: Parameterizing module F2H_Mem_Window_FF600000
Progress: Adding F2H_Mem_Window_FF800000 [altera_address_span_extender 16.1]
Progress: Parameterizing module F2H_Mem_Window_FF800000
Progress: Adding HEX3_HEX0 [altera_avalon_pio 16.1]
Progress: Parameterizing module HEX3_HEX0
Progress: Adding HEX5_HEX4 [altera_avalon_pio 16.1]
Progress: Parameterizing module HEX5_HEX4
Progress: Adding Interval_Timer [altera_avalon_timer 16.1]
Progress: Parameterizing module Interval_Timer
Progress: Adding Interval_Timer_2 [altera_avalon_timer 16.1]
Progress: Parameterizing module Interval_Timer_2
Progress: Adding Interval_Timer_2nd_Core [altera_avalon_timer 16.1]
Progress: Parameterizing module Interval_Timer_2nd_Core
Progress: Adding Interval_Timer_2nd_Core_2 [altera_avalon_timer 16.1]
Progress: Parameterizing module Interval_Timer_2nd_Core_2
Progress: Adding IrDA [altera_up_avalon_irda 16.1]
Progress: Parameterizing module IrDA
Progress: Adding JTAG_UART [altera_avalon_jtag_uart 16.1]
Progress: Parameterizing module JTAG_UART
Progress: Adding JTAG_UART_2nd_Core [altera_avalon_jtag_uart 16.1]
Progress: Parameterizing module JTAG_UART_2nd_Core
Progress: Adding JTAG_UART_for_ARM_0 [altera_avalon_jtag_uart 16.1]
Progress: Parameterizing module JTAG_UART_for_ARM_0
Progress: Adding JTAG_UART_for_ARM_1 [altera_avalon_jtag_uart 16.1]
Progress: Parameterizing module JTAG_UART_for_ARM_1
Progress: Adding JTAG_to_FPGA_Bridge [altera_jtag_avalon_master 16.1]
Progress: Parameterizing module JTAG_to_FPGA_Bridge
Progress: Adding JTAG_to_HPS_Bridge [altera_jtag_avalon_master 16.1]
Progress: Parameterizing module JTAG_to_HPS_Bridge
Progress: Adding LEDs [altera_avalon_pio 16.1]
Progress: Parameterizing module LEDs
Progress: Adding Nios2 [altera_nios2_gen2 16.1]
Progress: Parameterizing module Nios2
Progress: Adding Nios2_2nd_Core [altera_nios2_gen2 16.1]
Progress: Parameterizing module Nios2_2nd_Core
Progress: Adding Nios2_Floating_Point [altera_nios_custom_instr_floating_point 16.1]
Progress: Parameterizing module Nios2_Floating_Point
Progress: Adding Nios2_Floating_Point_2nd_Core [altera_nios_custom_instr_floating_point 16.1]
Progress: Parameterizing module Nios2_Floating_Point_2nd_Core
Progress: Adding Onchip_SRAM [altera_avalon_onchip_memory2 16.1]
Progress: Parameterizing module Onchip_SRAM
Progress: Adding PS2_Port [altera_up_avalon_ps2 16.1]
Progress: Parameterizing module PS2_Port
Progress: Adding PS2_Port_Dual [altera_up_avalon_ps2 16.1]
Progress: Parameterizing module PS2_Port_Dual
Progress: Adding Pixel_DMA_Addr_Translation [altera_up_avalon_video_dma_ctrl_addr_trans 16.1]
Progress: Parameterizing module Pixel_DMA_Addr_Translation
Progress: Adding Pushbuttons [altera_avalon_pio 16.1]
Progress: Parameterizing module Pushbuttons
Progress: Adding SDRAM [altera_avalon_new_sdram_controller 16.1]
Progress: Parameterizing module SDRAM
Progress: Adding Slider_Switches [altera_avalon_pio 16.1]
Progress: Parameterizing module Slider_Switches
Progress: Adding SysID [altera_avalon_sysid_qsys 16.1]
Progress: Parameterizing module SysID
Progress: Adding System_PLL [altera_up_avalon_sys_sdram_pll 16.1]
Progress: Parameterizing module System_PLL
Progress: Adding VGA_Subsystem [VGA_Subsystem 1.0]
Progress: Reading input file
Progress: Adding Sys_Clk [clock_source 16.1]
Progress: Parameterizing module Sys_Clk
Progress: Adding VGA_Alpha_Blender [altera_up_avalon_video_alpha_blender 16.1]
Progress: Parameterizing module VGA_Alpha_Blender
Progress: Adding VGA_Char_Buffer [altera_up_avalon_video_character_buffer_with_dma 16.1]
Progress: Parameterizing module VGA_Char_Buffer
Progress: Adding VGA_Controller [altera_up_avalon_video_vga_controller 16.1]
Progress: Parameterizing module VGA_Controller
Progress: Adding VGA_Dual_Clock_FIFO [altera_up_avalon_video_dual_clock_buffer 16.1]
Progress: Parameterizing module VGA_Dual_Clock_FIFO
Progress: Adding VGA_PLL [altera_up_avalon_video_pll 16.1]
Progress: Parameterizing module VGA_PLL
Progress: Adding VGA_Pixel_DMA [altera_up_avalon_video_pixel_buffer_dma 16.1]
Progress: Parameterizing module VGA_Pixel_DMA
Progress: Adding VGA_Pixel_FIFO [altera_up_avalon_video_dual_clock_buffer 16.1]
Progress: Parameterizing module VGA_Pixel_FIFO
Progress: Adding VGA_Pixel_RGB_Resampler [altera_up_avalon_video_rgb_resampler 16.1]
Progress: Parameterizing module VGA_Pixel_RGB_Resampler
Progress: Building connections
Progress: Parameterizing connections
Progress: Validating
Progress: Done reading input file
Progress: Parameterizing module VGA_Subsystem
Progress: Adding Video_In_DMA_Addr_Translation [altera_up_avalon_video_dma_ctrl_addr_trans 16.1]
Progress: Parameterizing module Video_In_DMA_Addr_Translation
Progress: Adding Video_In_Subsystem [Video_In_Subsystem 1.0]
Progress: Reading input file
Progress: Adding Edge_Detection_Subsystem [Edge_Detection_Subsystem 1.0]
Progress: Reading input file
Progress: Adding Chroma_Filter [altera_up_avalon_video_chroma_resampler 17.1]
Warning: Chroma_Filter: Used altera_up_avalon_video_chroma_resampler 16.1 (instead of 17.1)
Progress: Parameterizing module Chroma_Filter
Progress: Adding Chroma_Upsampler [altera_up_avalon_video_chroma_resampler 17.1]
Warning: Chroma_Upsampler: Used altera_up_avalon_video_chroma_resampler 16.1 (instead of 17.1)
Progress: Parameterizing module Chroma_Upsampler
Progress: Adding Edge_Detection [altera_up_avalon_video_edge_detection 17.1]
Warning: Edge_Detection: Used altera_up_avalon_video_edge_detection 16.1 (instead of 17.1)
Progress: Parameterizing module Edge_Detection
Progress: Adding Edge_Detection_Router_Controller [altera_avalon_pio 17.1]
Warning: Edge_Detection_Router_Controller: Used altera_avalon_pio 16.1 (instead of 17.1)
Progress: Parameterizing module Edge_Detection_Router_Controller
Progress: Adding Sys_Clk [clock_source 17.1]
Warning: Sys_Clk: Used clock_source 16.1 (instead of 17.1)
Progress: Parameterizing module Sys_Clk
Progress: Adding Video_Stream_Merger [altera_up_avalon_video_stream_router 17.1]
Warning: Video_Stream_Merger: Used altera_up_avalon_video_stream_router 16.1 (instead of 17.1)
Progress: Parameterizing module Video_Stream_Merger
Progress: Adding Video_Stream_Splitter [altera_up_avalon_video_stream_router 17.1]
Warning: Video_Stream_Splitter: Used altera_up_avalon_video_stream_router 16.1 (instead of 17.1)
Progress: Parameterizing module Video_Stream_Splitter
Progress: Building connections
Progress: Parameterizing connections
Progress: Validating
Progress: Done reading input file
Progress: Parameterizing module Edge_Detection_Subsystem
Progress: Adding Sys_Clk [clock_source 17.1]
Warning: Sys_Clk: Used clock_source 16.1 (instead of 17.1)
Progress: Parameterizing module Sys_Clk
Progress: Adding Video_In [altera_up_avalon_video_decoder 17.1]
Warning: Video_In: Used altera_up_avalon_video_decoder 16.1 (instead of 17.1)
Progress: Parameterizing module Video_In
Progress: Adding Video_In_CSC [altera_up_avalon_video_csc 17.1]
Warning: Video_In_CSC: Used altera_up_avalon_video_csc 16.1 (instead of 17.1)
Progress: Parameterizing module Video_In_CSC
Progress: Adding Video_In_Chroma_Resampler [altera_up_avalon_video_chroma_resampler 17.1]
Warning: Video_In_Chroma_Resampler: Used altera_up_avalon_video_chroma_resampler 16.1 (instead of 17.1)
Progress: Parameterizing module Video_In_Chroma_Resampler
Progress: Adding Video_In_Clipper [altera_up_avalon_video_clipper 17.1]
Warning: Video_In_Clipper: Used altera_up_avalon_video_clipper 16.1 (instead of 17.1)
Progress: Parameterizing module Video_In_Clipper
Progress: Adding Video_In_DMA [altera_up_avalon_video_dma_controller 17.1]
Warning: Video_In_DMA: Used altera_up_avalon_video_dma_controller 16.1 (instead of 17.1)
Progress: Parameterizing module Video_In_DMA
Progress: Adding Video_In_RGB_Resampler [altera_up_avalon_video_rgb_resampler 17.1]
Warning: Video_In_RGB_Resampler: Used altera_up_avalon_video_rgb_resampler 16.1 (instead of 17.1)
Progress: Parameterizing module Video_In_RGB_Resampler
Progress: Adding Video_In_Scaler [altera_up_avalon_video_scaler 17.1]
Warning: Video_In_Scaler: Used altera_up_avalon_video_scaler 16.1 (instead of 17.1)
Progress: Parameterizing module Video_In_Scaler
Progress: Building connections
Progress: Parameterizing connections
Progress: Validating
Progress: Done reading input file
Progress: Parameterizing module Video_In_Subsystem
Progress: Adding new_component_0 [new_component 1.0]
Progress: Parameterizing module new_component_0
Progress: Building connections
Progress: Parameterizing connections
Progress: Validating
Progress: Done reading input file
Info: Computer_System.ARM_A9_HPS: HPS Main PLL counter settings: n = 0  m = 73
Info: Computer_System.ARM_A9_HPS: HPS peripherial PLL counter settings: n = 0  m = 39
Warning: Computer_System.ARM_A9_HPS: "Configuration/HPS-to-FPGA user 0 clock frequency" (desired_cfg_clk_mhz) requested 100.0 MHz, but only achieved 97.368421 MHz
Warning: Computer_System.ARM_A9_HPS: "QSPI clock frequency" (desired_qspi_clk_mhz) requested 400.0 MHz, but only achieved 370.0 MHz
Warning: Computer_System.ARM_A9_HPS: 1 or more output clock frequencies cannot be achieved precisely, consider revising desired output clock frequencies.
Warning: Computer_System.Pixel_DMA_Addr_Translation.master: Master needs a minimum address width of 3 bits (has 2)
Info: Computer_System.SDRAM: SDRAM Controller will only be supported in Quartus Prime Standard Edition in the future release.
Info: Computer_System.SysID: System ID is not assigned automatically. Edit the System ID parameter to provide a unique ID
Info: Computer_System.SysID: Time stamp will be automatically updated when this component is generated.
Info: Computer_System.System_PLL: Refclk Freq: 50.0
Info: Computer_System.VGA_Subsystem.VGA_Char_Buffer: Character Resolution: 80 x 60
Info: Computer_System.VGA_Subsystem.VGA_Controller: Video Output Stream: Format: 640 x 480 with Color: 10 (bits) x 3 (planes) converted to 8 (bits) per color plane
Info: Computer_System.VGA_Subsystem.VGA_Pixel_RGB_Resampler: RGB Resampling: 8 (bits) x 1 (planes) -> 10 (bits) x 3 (planes)
Warning: Computer_System.F2H_Mem_Window_00000000: F2H_Mem_Window_00000000.windowed_slave must be connected to an Avalon-MM master
Warning: Computer_System.F2H_Mem_Window_FF600000: F2H_Mem_Window_FF600000.windowed_slave must be connected to an Avalon-MM master
Warning: Computer_System.F2H_Mem_Window_FF800000: F2H_Mem_Window_FF800000.windowed_slave must be connected to an Avalon-MM master
Info: qsys-generate succeeded.
Info: Finished: Create block symbol file (.bsf)
Info: 
Info: Starting: Create HDL design files for synthesis
Info: qsys-generate D:\qsys\hardware\Computer_System.qsys --synthesis=VHDL --output-directory=D:\qsys\hardware\Computer_System\synthesis --family="Cyclone V" --part=5CSEMA5F31C6
Progress: Loading hardware/Computer_System.qsys
Progress: Reading input file
Progress: Adding ARM_A9_HPS [altera_hps 16.1]
Progress: Parameterizing module ARM_A9_HPS
Progress: Adding AV_Config [altera_up_avalon_audio_and_video_config 16.1]
Progress: Parameterizing module AV_Config
Progress: Adding Audio_Subsystem [Audio_Subsystem 1.0]
Progress: Parameterizing module Audio_Subsystem
Progress: Adding Expansion_JP1 [altera_avalon_pio 16.1]
Progress: Parameterizing module Expansion_JP1
Progress: Adding Expansion_JP2 [altera_avalon_pio 16.1]
Progress: Parameterizing module Expansion_JP2
Progress: Adding F2H_Mem_Window_00000000 [altera_address_span_extender 16.1]
Progress: Parameterizing module F2H_Mem_Window_00000000
Progress: Adding F2H_Mem_Window_FF600000 [altera_address_span_extender 16.1]
Progress: Parameterizing module F2H_Mem_Window_FF600000
Progress: Adding F2H_Mem_Window_FF800000 [altera_address_span_extender 16.1]
Progress: Parameterizing module F2H_Mem_Window_FF800000
Progress: Adding HEX3_HEX0 [altera_avalon_pio 16.1]
Progress: Parameterizing module HEX3_HEX0
Progress: Adding HEX5_HEX4 [altera_avalon_pio 16.1]
Progress: Parameterizing module HEX5_HEX4
Progress: Adding Interval_Timer [altera_avalon_timer 16.1]
Progress: Parameterizing module Interval_Timer
Progress: Adding Interval_Timer_2 [altera_avalon_timer 16.1]
Progress: Parameterizing module Interval_Timer_2
Progress: Adding Interval_Timer_2nd_Core [altera_avalon_timer 16.1]
Progress: Parameterizing module Interval_Timer_2nd_Core
Progress: Adding Interval_Timer_2nd_Core_2 [altera_avalon_timer 16.1]
Progress: Parameterizing module Interval_Timer_2nd_Core_2
Progress: Adding IrDA [altera_up_avalon_irda 16.1]
Progress: Parameterizing module IrDA
Progress: Adding JTAG_UART [altera_avalon_jtag_uart 16.1]
Progress: Parameterizing module JTAG_UART
Progress: Adding JTAG_UART_2nd_Core [altera_avalon_jtag_uart 16.1]
Progress: Parameterizing module JTAG_UART_2nd_Core
Progress: Adding JTAG_UART_for_ARM_0 [altera_avalon_jtag_uart 16.1]
Progress: Parameterizing module JTAG_UART_for_ARM_0
Progress: Adding JTAG_UART_for_ARM_1 [altera_avalon_jtag_uart 16.1]
Progress: Parameterizing module JTAG_UART_for_ARM_1
Progress: Adding JTAG_to_FPGA_Bridge [altera_jtag_avalon_master 16.1]
Progress: Parameterizing module JTAG_to_FPGA_Bridge
Progress: Adding JTAG_to_HPS_Bridge [altera_jtag_avalon_master 16.1]
Progress: Parameterizing module JTAG_to_HPS_Bridge
Progress: Adding LEDs [altera_avalon_pio 16.1]
Progress: Parameterizing module LEDs
Progress: Adding Nios2 [altera_nios2_gen2 16.1]
Progress: Parameterizing module Nios2
Progress: Adding Nios2_2nd_Core [altera_nios2_gen2 16.1]
Progress: Parameterizing module Nios2_2nd_Core
Progress: Adding Nios2_Floating_Point [altera_nios_custom_instr_floating_point 16.1]
Progress: Parameterizing module Nios2_Floating_Point
Progress: Adding Nios2_Floating_Point_2nd_Core [altera_nios_custom_instr_floating_point 16.1]
Progress: Parameterizing module Nios2_Floating_Point_2nd_Core
Progress: Adding Onchip_SRAM [altera_avalon_onchip_memory2 16.1]
Progress: Parameterizing module Onchip_SRAM
Progress: Adding PS2_Port [altera_up_avalon_ps2 16.1]
Progress: Parameterizing module PS2_Port
Progress: Adding PS2_Port_Dual [altera_up_avalon_ps2 16.1]
Progress: Parameterizing module PS2_Port_Dual
Progress: Adding Pixel_DMA_Addr_Translation [altera_up_avalon_video_dma_ctrl_addr_trans 16.1]
Progress: Parameterizing module Pixel_DMA_Addr_Translation
Progress: Adding Pushbuttons [altera_avalon_pio 16.1]
Progress: Parameterizing module Pushbuttons
Progress: Adding SDRAM [altera_avalon_new_sdram_controller 16.1]
Progress: Parameterizing module SDRAM
Progress: Adding Slider_Switches [altera_avalon_pio 16.1]
Progress: Parameterizing module Slider_Switches
Progress: Adding SysID [altera_avalon_sysid_qsys 16.1]
Progress: Parameterizing module SysID
Progress: Adding System_PLL [altera_up_avalon_sys_sdram_pll 16.1]
Progress: Parameterizing module System_PLL
Progress: Adding VGA_Subsystem [VGA_Subsystem 1.0]
Progress: Parameterizing module VGA_Subsystem
Progress: Adding Video_In_DMA_Addr_Translation [altera_up_avalon_video_dma_ctrl_addr_trans 16.1]
Progress: Parameterizing module Video_In_DMA_Addr_Translation
Progress: Adding Video_In_Subsystem [Video_In_Subsystem 1.0]
Progress: Parameterizing module Video_In_Subsystem
Progress: Adding new_component_0 [new_component 1.0]
Progress: Parameterizing module new_component_0
Progress: Building connections
Progress: Parameterizing connections
Progress: Validating
Progress: Done reading input file
Info: Computer_System.ARM_A9_HPS: HPS Main PLL counter settings: n = 0  m = 73
Info: Computer_System.ARM_A9_HPS: HPS peripherial PLL counter settings: n = 0  m = 39
Warning: Computer_System.ARM_A9_HPS: "Configuration/HPS-to-FPGA user 0 clock frequency" (desired_cfg_clk_mhz) requested 100.0 MHz, but only achieved 97.368421 MHz
Warning: Computer_System.ARM_A9_HPS: "QSPI clock frequency" (desired_qspi_clk_mhz) requested 400.0 MHz, but only achieved 370.0 MHz
Warning: Computer_System.ARM_A9_HPS: 1 or more output clock frequencies cannot be achieved precisely, consider revising desired output clock frequencies.
Warning: Computer_System.Pixel_DMA_Addr_Translation.master: Master needs a minimum address width of 3 bits (has 2)
Info: Computer_System.SDRAM: SDRAM Controller will only be supported in Quartus Prime Standard Edition in the future release.
Info: Computer_System.SysID: System ID is not assigned automatically. Edit the System ID parameter to provide a unique ID
Info: Computer_System.SysID: Time stamp will be automatically updated when this component is generated.
Info: Computer_System.System_PLL: Refclk Freq: 50.0
Info: Computer_System.VGA_Subsystem.VGA_Char_Buffer: Character Resolution: 80 x 60
Info: Computer_System.VGA_Subsystem.VGA_Controller: Video Output Stream: Format: 640 x 480 with Color: 10 (bits) x 3 (planes) converted to 8 (bits) per color plane
Info: Computer_System.VGA_Subsystem.VGA_Pixel_RGB_Resampler: RGB Resampling: 8 (bits) x 1 (planes) -> 10 (bits) x 3 (planes)
Warning: Computer_System.F2H_Mem_Window_00000000: F2H_Mem_Window_00000000.windowed_slave must be connected to an Avalon-MM master
Warning: Computer_System.F2H_Mem_Window_FF600000: F2H_Mem_Window_FF600000.windowed_slave must be connected to an Avalon-MM master
Warning: Computer_System.F2H_Mem_Window_FF800000: F2H_Mem_Window_FF800000.windowed_slave must be connected to an Avalon-MM master
Info: Computer_System: Generating Computer_System "Computer_System" for QUARTUS_SYNTH
Info: Interconnect is inserted between master Pixel_DMA_Addr_Translation.master and slave VGA_Subsystem.pixel_dma_control_slave because the master has waitrequest signal 1 bit wide, but the slave is 0 bit wide.
Warning: ARM_A9_HPS.f2h_irq0: Cannot connect clock for irq_mapper.sender
Warning: ARM_A9_HPS.f2h_irq0: Cannot connect reset for irq_mapper.sender
Warning: ARM_A9_HPS.f2h_irq1: Cannot connect clock for irq_mapper_001.sender
Warning: ARM_A9_HPS.f2h_irq1: Cannot connect reset for irq_mapper_001.sender
Info: ARM_A9_HPS: "Running  for module: ARM_A9_HPS"
Info: ARM_A9_HPS: HPS Main PLL counter settings: n = 0  m = 73
Info: ARM_A9_HPS: HPS peripherial PLL counter settings: n = 0  m = 39
Warning: ARM_A9_HPS: "Configuration/HPS-to-FPGA user 0 clock frequency" (desired_cfg_clk_mhz) requested 100.0 MHz, but only achieved 97.368421 MHz
Warning: ARM_A9_HPS: "QSPI clock frequency" (desired_qspi_clk_mhz) requested 400.0 MHz, but only achieved 370.0 MHz
Warning: ARM_A9_HPS: 1 or more output clock frequencies cannot be achieved precisely, consider revising desired output clock frequencies.
Info: ARM_A9_HPS: "Computer_System" instantiated altera_hps "ARM_A9_HPS"
Info: AV_Config: Starting Generation of Audio and Video Config
Info: AV_Config: "Computer_System" instantiated altera_up_avalon_audio_and_video_config "AV_Config"
Info: Audio_Subsystem: "Computer_System" instantiated Audio_Subsystem "Audio_Subsystem"
Info: F2H_Mem_Window_00000000: "Computer_System" instantiated altera_address_span_extender "F2H_Mem_Window_00000000"
Info: HEX3_HEX0: Starting RTL generation for module 'Computer_System_HEX3_HEX0'
Info: HEX3_HEX0:   Generation command is [exec C:/intelfpga/16.1/quartus/bin64/perl/bin/perl.exe -I C:/intelfpga/16.1/quartus/bin64/perl/lib -I C:/intelfpga/16.1/quartus/sopc_builder/bin/europa -I C:/intelfpga/16.1/quartus/sopc_builder/bin/perl_lib -I C:/intelfpga/16.1/quartus/sopc_builder/bin -I C:/intelfpga/16.1/quartus/../ip/altera/sopc_builder_ip/common -I C:/intelfpga/16.1/quartus/../ip/altera/sopc_builder_ip/altera_avalon_pio -- C:/intelfpga/16.1/quartus/../ip/altera/sopc_builder_ip/altera_avalon_pio/generate_rtl.pl --name=Computer_System_HEX3_HEX0 --dir=C:/Users/jasi433/AppData/Local/Temp/alt7678_3903991503311299107.dir/0013_HEX3_HEX0_gen/ --quartus_dir=C:/intelfpga/16.1/quartus --verilog --config=C:/Users/jasi433/AppData/Local/Temp/alt7678_3903991503311299107.dir/0013_HEX3_HEX0_gen//Computer_System_HEX3_HEX0_component_configuration.pl  --do_build_sim=0  ]
Info: HEX3_HEX0: Done RTL generation for module 'Computer_System_HEX3_HEX0'
Info: HEX3_HEX0: "Computer_System" instantiated altera_avalon_pio "HEX3_HEX0"
Info: LEDs: Starting RTL generation for module 'Computer_System_LEDs'
Info: LEDs:   Generation command is [exec C:/intelfpga/16.1/quartus/bin64/perl/bin/perl.exe -I C:/intelfpga/16.1/quartus/bin64/perl/lib -I C:/intelfpga/16.1/quartus/sopc_builder/bin/europa -I C:/intelfpga/16.1/quartus/sopc_builder/bin/perl_lib -I C:/intelfpga/16.1/quartus/sopc_builder/bin -I C:/intelfpga/16.1/quartus/../ip/altera/sopc_builder_ip/common -I C:/intelfpga/16.1/quartus/../ip/altera/sopc_builder_ip/altera_avalon_pio -- C:/intelfpga/16.1/quartus/../ip/altera/sopc_builder_ip/altera_avalon_pio/generate_rtl.pl --name=Computer_System_LEDs --dir=C:/Users/jasi433/AppData/Local/Temp/alt7678_3903991503311299107.dir/0014_LEDs_gen/ --quartus_dir=C:/intelfpga/16.1/quartus --verilog --config=C:/Users/jasi433/AppData/Local/Temp/alt7678_3903991503311299107.dir/0014_LEDs_gen//Computer_System_LEDs_component_configuration.pl  --do_build_sim=0  ]
Info: LEDs: Done RTL generation for module 'Computer_System_LEDs'
Info: LEDs: "Computer_System" instantiated altera_avalon_pio "LEDs"
Info: Onchip_SRAM: Starting RTL generation for module 'Computer_System_Onchip_SRAM'
Info: Onchip_SRAM:   Generation command is [exec C:/intelfpga/16.1/quartus/bin64/perl/bin/perl.exe -I C:/intelfpga/16.1/quartus/bin64/perl/lib -I C:/intelfpga/16.1/quartus/sopc_builder/bin/europa -I C:/intelfpga/16.1/quartus/sopc_builder/bin/perl_lib -I C:/intelfpga/16.1/quartus/sopc_builder/bin -I C:/intelfpga/16.1/quartus/../ip/altera/sopc_builder_ip/common -I C:/intelfpga/16.1/quartus/../ip/altera/sopc_builder_ip/altera_avalon_onchip_memory2 -- C:/intelfpga/16.1/quartus/../ip/altera/sopc_builder_ip/altera_avalon_onchip_memory2/generate_rtl.pl --name=Computer_System_Onchip_SRAM --dir=C:/Users/jasi433/AppData/Local/Temp/alt7678_3903991503311299107.dir/0015_Onchip_SRAM_gen/ --quartus_dir=C:/intelfpga/16.1/quartus --verilog --config=C:/Users/jasi433/AppData/Local/Temp/alt7678_3903991503311299107.dir/0015_Onchip_SRAM_gen//Computer_System_Onchip_SRAM_component_configuration.pl  --do_build_sim=0  ]
Info: Onchip_SRAM: Done RTL generation for module 'Computer_System_Onchip_SRAM'
Info: Onchip_SRAM: "Computer_System" instantiated altera_avalon_onchip_memory2 "Onchip_SRAM"
Info: Pixel_DMA_Addr_Translation: "Computer_System" instantiated altera_up_avalon_video_dma_ctrl_addr_trans "Pixel_DMA_Addr_Translation"
Info: Pushbuttons: Starting RTL generation for module 'Computer_System_Pushbuttons'
Info: Pushbuttons:   Generation command is [exec C:/intelfpga/16.1/quartus/bin64/perl/bin/perl.exe -I C:/intelfpga/16.1/quartus/bin64/perl/lib -I C:/intelfpga/16.1/quartus/sopc_builder/bin/europa -I C:/intelfpga/16.1/quartus/sopc_builder/bin/perl_lib -I C:/intelfpga/16.1/quartus/sopc_builder/bin -I C:/intelfpga/16.1/quartus/../ip/altera/sopc_builder_ip/common -I C:/intelfpga/16.1/quartus/../ip/altera/sopc_builder_ip/altera_avalon_pio -- C:/intelfpga/16.1/quartus/../ip/altera/sopc_builder_ip/altera_avalon_pio/generate_rtl.pl --name=Computer_System_Pushbuttons --dir=C:/Users/jasi433/AppData/Local/Temp/alt7678_3903991503311299107.dir/0017_Pushbuttons_gen/ --quartus_dir=C:/intelfpga/16.1/quartus --verilog --config=C:/Users/jasi433/AppData/Local/Temp/alt7678_3903991503311299107.dir/0017_Pushbuttons_gen//Computer_System_Pushbuttons_component_configuration.pl  --do_build_sim=0  ]
Info: Pushbuttons: Done RTL generation for module 'Computer_System_Pushbuttons'
Info: Pushbuttons: "Computer_System" instantiated altera_avalon_pio "Pushbuttons"
Info: SDRAM: Starting RTL generation for module 'Computer_System_SDRAM'
Info: SDRAM:   Generation command is [exec C:/intelfpga/16.1/quartus/bin64/perl/bin/perl.exe -I C:/intelfpga/16.1/quartus/bin64/perl/lib -I C:/intelfpga/16.1/quartus/sopc_builder/bin/europa -I C:/intelfpga/16.1/quartus/sopc_builder/bin/perl_lib -I C:/intelfpga/16.1/quartus/sopc_builder/bin -I C:/intelfpga/16.1/quartus/../ip/altera/sopc_builder_ip/common -I C:/intelfpga/16.1/quartus/../ip/altera/sopc_builder_ip/altera_avalon_new_sdram_controller -- C:/intelfpga/16.1/quartus/../ip/altera/sopc_builder_ip/altera_avalon_new_sdram_controller/generate_rtl.pl --name=Computer_System_SDRAM --dir=C:/Users/jasi433/AppData/Local/Temp/alt7678_3903991503311299107.dir/0018_SDRAM_gen/ --quartus_dir=C:/intelfpga/16.1/quartus --verilog --config=C:/Users/jasi433/AppData/Local/Temp/alt7678_3903991503311299107.dir/0018_SDRAM_gen//Computer_System_SDRAM_component_configuration.pl  --do_build_sim=0  ]
Info: SDRAM: Done RTL generation for module 'Computer_System_SDRAM'
Info: SDRAM: "Computer_System" instantiated altera_avalon_new_sdram_controller "SDRAM"
Info: Slider_Switches: Starting RTL generation for module 'Computer_System_Slider_Switches'
Info: Slider_Switches:   Generation command is [exec C:/intelfpga/16.1/quartus/bin64/perl/bin/perl.exe -I C:/intelfpga/16.1/quartus/bin64/perl/lib -I C:/intelfpga/16.1/quartus/sopc_builder/bin/europa -I C:/intelfpga/16.1/quartus/sopc_builder/bin/perl_lib -I C:/intelfpga/16.1/quartus/sopc_builder/bin -I C:/intelfpga/16.1/quartus/../ip/altera/sopc_builder_ip/common -I C:/intelfpga/16.1/quartus/../ip/altera/sopc_builder_ip/altera_avalon_pio -- C:/intelfpga/16.1/quartus/../ip/altera/sopc_builder_ip/altera_avalon_pio/generate_rtl.pl --name=Computer_System_Slider_Switches --dir=C:/Users/jasi433/AppData/Local/Temp/alt7678_3903991503311299107.dir/0019_Slider_Switches_gen/ --quartus_dir=C:/intelfpga/16.1/quartus --verilog --config=C:/Users/jasi433/AppData/Local/Temp/alt7678_3903991503311299107.dir/0019_Slider_Switches_gen//Computer_System_Slider_Switches_component_configuration.pl  --do_build_sim=0  ]
Info: Slider_Switches: Done RTL generation for module 'Computer_System_Slider_Switches'
Info: Slider_Switches: "Computer_System" instantiated altera_avalon_pio "Slider_Switches"
Info: SysID: "Computer_System" instantiated altera_avalon_sysid_qsys "SysID"
Info: System_PLL: "Computer_System" instantiated altera_up_avalon_sys_sdram_pll "System_PLL"
Info: VGA_Subsystem: "Computer_System" instantiated VGA_Subsystem "VGA_Subsystem"
Info: new_component_0: "Computer_System" instantiated new_component "new_component_0"
Info: mm_interconnect_0: "Computer_System" instantiated altera_mm_interconnect "mm_interconnect_0"
Info: avalon_st_adapter: Inserting error_adapter: error_adapter_0
Info: avalon_st_adapter_001: Inserting error_adapter: error_adapter_0
Info: avalon_st_adapter_002: Inserting error_adapter: error_adapter_0
Info: avalon_st_adapter_003: Inserting error_adapter: error_adapter_0
Info: avalon_st_adapter_004: Inserting error_adapter: error_adapter_0
Info: mm_interconnect_1: "Computer_System" instantiated altera_mm_interconnect "mm_interconnect_1"
Info: avalon_st_adapter: Inserting error_adapter: error_adapter_0
Info: avalon_st_adapter_001: Inserting error_adapter: error_adapter_0
Info: avalon_st_adapter_002: Inserting error_adapter: error_adapter_0
Info: avalon_st_adapter_003: Inserting error_adapter: error_adapter_0
Info: avalon_st_adapter_004: Inserting error_adapter: error_adapter_0
Info: avalon_st_adapter_005: Inserting error_adapter: error_adapter_0
Info: avalon_st_adapter_006: Inserting error_adapter: error_adapter_0
Info: avalon_st_adapter_007: Inserting error_adapter: error_adapter_0
Info: avalon_st_adapter_008: Inserting error_adapter: error_adapter_0
Info: mm_interconnect_2: "Computer_System" instantiated altera_mm_interconnect "mm_interconnect_2"
Info: mm_interconnect_3: "Computer_System" instantiated altera_mm_interconnect "mm_interconnect_3"
Info: irq_mapper: "Computer_System" instantiated altera_irq_mapper "irq_mapper"
Info: irq_mapper_001: "Computer_System" instantiated altera_irq_mapper "irq_mapper_001"
Info: rst_controller: "Computer_System" instantiated altera_reset_controller "rst_controller"
Info: fpga_interfaces: "ARM_A9_HPS" instantiated altera_interface_generator "fpga_interfaces"
Info: hps_io: "ARM_A9_HPS" instantiated altera_hps_io "hps_io"
Info: Audio: Starting Generation of Audio Controller
Info: Audio: "Audio_Subsystem" instantiated altera_up_avalon_audio "Audio"
Info: Audio_PLL: "Audio_Subsystem" instantiated altera_up_avalon_audio_pll "Audio_PLL"
Info: sys_pll: "System_PLL" instantiated altera_pll "sys_pll"
Info: reset_from_locked: "System_PLL" instantiated altera_up_avalon_reset_from_locked_signal "reset_from_locked"
Info: VGA_Alpha_Blender: Starting Generation of the Alpha Blender
Info: VGA_Alpha_Blender: "VGA_Subsystem" instantiated altera_up_avalon_video_alpha_blender "VGA_Alpha_Blender"
Info: VGA_Char_Buffer: Starting Generation of Character Buffer
Info: VGA_Char_Buffer: "VGA_Subsystem" instantiated altera_up_avalon_video_character_buffer_with_dma "VGA_Char_Buffer"
Info: VGA_Controller: Starting Generation of VGA Controller
Info: VGA_Controller: "VGA_Subsystem" instantiated altera_up_avalon_video_vga_controller "VGA_Controller"
Info: VGA_Dual_Clock_FIFO: Starting Generation of the Dual Clock Buffer
Info: VGA_Dual_Clock_FIFO: "VGA_Subsystem" instantiated altera_up_avalon_video_dual_clock_buffer "VGA_Dual_Clock_FIFO"
Info: VGA_PLL: "VGA_Subsystem" instantiated altera_up_avalon_video_pll "VGA_PLL"
Info: VGA_Pixel_DMA: Starting Generation of VGA Pixel Buffer
Info: VGA_Pixel_DMA: "VGA_Subsystem" instantiated altera_up_avalon_video_pixel_buffer_dma "VGA_Pixel_DMA"
Info: VGA_Pixel_FIFO: Starting Generation of the Dual Clock Buffer
Info: VGA_Pixel_FIFO: "VGA_Subsystem" instantiated altera_up_avalon_video_dual_clock_buffer "VGA_Pixel_FIFO"
Info: VGA_Pixel_RGB_Resampler: Starting Generation of Video RGB Resampler
Info: VGA_Pixel_RGB_Resampler: "VGA_Subsystem" instantiated altera_up_avalon_video_rgb_resampler "VGA_Pixel_RGB_Resampler"
Info: F2H_Mem_Window_00000000_expanded_master_translator: "mm_interconnect_0" instantiated altera_merlin_master_translator "F2H_Mem_Window_00000000_expanded_master_translator"
Info: F2H_Mem_Window_00000000_expanded_master_agent: "mm_interconnect_0" instantiated altera_merlin_master_agent "F2H_Mem_Window_00000000_expanded_master_agent"
Info: ARM_A9_HPS_f2h_axi_slave_agent: "mm_interconnect_0" instantiated altera_merlin_axi_slave_ni "ARM_A9_HPS_f2h_axi_slave_agent"
Info: router: "mm_interconnect_0" instantiated altera_merlin_router "router"
Info: router_003: "mm_interconnect_0" instantiated altera_merlin_router "router_003"
Info: F2H_Mem_Window_00000000_expanded_master_limiter: "mm_interconnect_0" instantiated altera_merlin_traffic_limiter "F2H_Mem_Window_00000000_expanded_master_limiter"
Info: Reusing file D:/qsys/hardware/Computer_System/synthesis/submodules/altera_avalon_sc_fifo.v
Info: cmd_demux: "mm_interconnect_0" instantiated altera_merlin_demultiplexer "cmd_demux"
Info: cmd_mux: "mm_interconnect_0" instantiated altera_merlin_multiplexer "cmd_mux"
Info: rsp_demux: "mm_interconnect_0" instantiated altera_merlin_demultiplexer "rsp_demux"
Info: rsp_mux: "mm_interconnect_0" instantiated altera_merlin_multiplexer "rsp_mux"
Info: Reusing file D:/qsys/hardware/Computer_System/synthesis/submodules/altera_merlin_arbitrator.sv
Info: ARM_A9_HPS_f2h_axi_slave_wr_cmd_width_adapter: "mm_interconnect_0" instantiated altera_merlin_width_adapter "ARM_A9_HPS_f2h_axi_slave_wr_cmd_width_adapter"
Info: Reusing file D:/qsys/hardware/Computer_System/synthesis/submodules/altera_merlin_address_alignment.sv
Info: Reusing file D:/qsys/hardware/Computer_System/synthesis/submodules/altera_merlin_burst_uncompressor.sv
Info: new_component_0_avalon_slave_0_translator: "mm_interconnect_1" instantiated altera_merlin_slave_translator "new_component_0_avalon_slave_0_translator"
Info: ARM_A9_HPS_h2f_axi_master_agent: "mm_interconnect_1" instantiated altera_merlin_axi_master_ni "ARM_A9_HPS_h2f_axi_master_agent"
Info: Reusing file D:/qsys/hardware/Computer_System/synthesis/submodules/altera_merlin_address_alignment.sv
Info: new_component_0_avalon_slave_0_agent: "mm_interconnect_1" instantiated altera_merlin_slave_agent "new_component_0_avalon_slave_0_agent"
Info: Reusing file D:/qsys/hardware/Computer_System/synthesis/submodules/altera_merlin_burst_uncompressor.sv
Info: new_component_0_avalon_slave_0_agent_rsp_fifo: "mm_interconnect_1" instantiated altera_avalon_sc_fifo "new_component_0_avalon_slave_0_agent_rsp_fifo"
Info: Reusing file D:/qsys/hardware/Computer_System/synthesis/submodules/altera_avalon_sc_fifo.v
Info: router: "mm_interconnect_1" instantiated altera_merlin_router "router"
Info: router_002: "mm_interconnect_1" instantiated altera_merlin_router "router_002"
Info: router_003: "mm_interconnect_1" instantiated altera_merlin_router "router_003"
Info: router_004: "mm_interconnect_1" instantiated altera_merlin_router "router_004"
Info: router_005: "mm_interconnect_1" instantiated altera_merlin_router "router_005"
Info: router_006: "mm_interconnect_1" instantiated altera_merlin_router "router_006"
Info: router_007: "mm_interconnect_1" instantiated altera_merlin_router "router_007"
Info: new_component_0_avalon_slave_0_burst_adapter: "mm_interconnect_1" instantiated altera_merlin_burst_adapter "new_component_0_avalon_slave_0_burst_adapter"
Info: Reusing file D:/qsys/hardware/Computer_System/synthesis/submodules/altera_merlin_address_alignment.sv
Info: Reusing file D:/qsys/hardware/Computer_System/synthesis/submodules/altera_avalon_st_pipeline_base.v
Info: cmd_demux: "mm_interconnect_1" instantiated altera_merlin_demultiplexer "cmd_demux"
Info: cmd_demux_002: "mm_interconnect_1" instantiated altera_merlin_demultiplexer "cmd_demux_002"
Info: cmd_mux: "mm_interconnect_1" instantiated altera_merlin_multiplexer "cmd_mux"
Info: Reusing file D:/qsys/hardware/Computer_System/synthesis/submodules/altera_merlin_arbitrator.sv
Info: cmd_mux_001: "mm_interconnect_1" instantiated altera_merlin_multiplexer "cmd_mux_001"
Info: Reusing file D:/qsys/hardware/Computer_System/synthesis/submodules/altera_merlin_arbitrator.sv
Info: cmd_mux_002: "mm_interconnect_1" instantiated altera_merlin_multiplexer "cmd_mux_002"
Info: Reusing file D:/qsys/hardware/Computer_System/synthesis/submodules/altera_merlin_arbitrator.sv
Info: cmd_mux_003: "mm_interconnect_1" instantiated altera_merlin_multiplexer "cmd_mux_003"
Info: Reusing file D:/qsys/hardware/Computer_System/synthesis/submodules/altera_merlin_arbitrator.sv
Info: cmd_mux_004: "mm_interconnect_1" instantiated altera_merlin_multiplexer "cmd_mux_004"
Info: Reusing file D:/qsys/hardware/Computer_System/synthesis/submodules/altera_merlin_arbitrator.sv
Info: rsp_demux: "mm_interconnect_1" instantiated altera_merlin_demultiplexer "rsp_demux"
Info: rsp_demux_001: "mm_interconnect_1" instantiated altera_merlin_demultiplexer "rsp_demux_001"
Info: rsp_demux_002: "mm_interconnect_1" instantiated altera_merlin_demultiplexer "rsp_demux_002"
Info: rsp_demux_003: "mm_interconnect_1" instantiated altera_merlin_demultiplexer "rsp_demux_003"
Info: rsp_demux_004: "mm_interconnect_1" instantiated altera_merlin_demultiplexer "rsp_demux_004"
Info: rsp_mux: "mm_interconnect_1" instantiated altera_merlin_multiplexer "rsp_mux"
Info: Reusing file D:/qsys/hardware/Computer_System/synthesis/submodules/altera_merlin_arbitrator.sv
Info: rsp_mux_002: "mm_interconnect_1" instantiated altera_merlin_multiplexer "rsp_mux_002"
Info: Reusing file D:/qsys/hardware/Computer_System/synthesis/submodules/altera_merlin_arbitrator.sv
Info: avalon_st_adapter: "mm_interconnect_1" instantiated altera_avalon_st_adapter "avalon_st_adapter"
Info: avalon_st_adapter_001: "mm_interconnect_1" instantiated altera_avalon_st_adapter "avalon_st_adapter_001"
Info: avalon_st_adapter_002: "mm_interconnect_1" instantiated altera_avalon_st_adapter "avalon_st_adapter_002"
Info: avalon_st_adapter_003: "mm_interconnect_1" instantiated altera_avalon_st_adapter "avalon_st_adapter_003"
Info: router: "mm_interconnect_2" instantiated altera_merlin_router "router"
Info: router_002: "mm_interconnect_2" instantiated altera_merlin_router "router_002"
Info: cmd_demux: "mm_interconnect_2" instantiated altera_merlin_demultiplexer "cmd_demux"
Info: cmd_mux: "mm_interconnect_2" instantiated altera_merlin_multiplexer "cmd_mux"
Info: Reusing file D:/qsys/hardware/Computer_System/synthesis/submodules/altera_merlin_arbitrator.sv
Info: rsp_demux: "mm_interconnect_2" instantiated altera_merlin_demultiplexer "rsp_demux"
Info: rsp_mux: "mm_interconnect_2" instantiated altera_merlin_multiplexer "rsp_mux"
Info: Reusing file D:/qsys/hardware/Computer_System/synthesis/submodules/altera_merlin_arbitrator.sv
Info: border: "hps_io" instantiated altera_interface_generator "border"
Info: audio_pll: "Audio_PLL" instantiated altera_pll "audio_pll"
Info: video_pll: "VGA_PLL" instantiated altera_pll "video_pll"
Info: error_adapter_0: "avalon_st_adapter" instantiated error_adapter "error_adapter_0"
Info: error_adapter_0: "avalon_st_adapter_001" instantiated error_adapter "error_adapter_0"
Info: error_adapter_0: "avalon_st_adapter_002" instantiated error_adapter "error_adapter_0"
Info: error_adapter_0: "avalon_st_adapter_003" instantiated error_adapter "error_adapter_0"
Info: Computer_System: Done "Computer_System" with 91 modules, 183 files
Info: qsys-generate succeeded.
Info: Finished: Create HDL design files for synthesis
