Assembler report for DE1_SoC_Computer
Wed Apr 11 17:25:56 2018
Quartus Prime Version 16.1.0 Build 196 10/24/2016 SJ Standard Edition


---------------------
; Table of Contents ;
---------------------
  1. Legal Notice
  2. Assembler Summary
  3. Assembler Settings
  4. Assembler Generated Files
  5. Assembler Device Options: D:/701new/Project/hardware/DE1_SoC_Computer.sof
  6. Assembler Messages



----------------
; Legal Notice ;
----------------
Copyright (C) 2016  Intel Corporation. All rights reserved.
Your use of Intel Corporation's design tools, logic functions 
and other software and tools, and its AMPP partner logic 
functions, and any output files from any of the foregoing 
(including device programming or simulation files), and any 
associated documentation or information are expressly subject 
to the terms and conditions of the Intel Program License 
Subscription Agreement, the Intel Quartus Prime License Agreement,
the Intel MegaCore Function License Agreement, or other 
applicable license agreement, including, without limitation, 
that your use is for the sole purpose of programming logic 
devices manufactured by Intel and sold by Intel or its 
authorized distributors.  Please refer to the applicable 
agreement for further details.



+---------------------------------------------------------------+
; Assembler Summary                                             ;
+-----------------------+---------------------------------------+
; Assembler Status      ; Successful - Wed Apr 11 17:25:56 2018 ;
; Revision Name         ; DE1_SoC_Computer                      ;
; Top-level Entity Name ; DE1_SoC_Computer                      ;
; Family                ; Cyclone V                             ;
; Device                ; 5CSEMA5F31C6                          ;
+-----------------------+---------------------------------------+


+----------------------------------+
; Assembler Settings               ;
+--------+---------+---------------+
; Option ; Setting ; Default Value ;
+--------+---------+---------------+


+-------------------------------------------------+
; Assembler Generated Files                       ;
+-------------------------------------------------+
; File Name                                       ;
+-------------------------------------------------+
; D:/701new/Project/hardware/DE1_SoC_Computer.sof ;
+-------------------------------------------------+


+---------------------------------------------------------------------------+
; Assembler Device Options: D:/701new/Project/hardware/DE1_SoC_Computer.sof ;
+----------------+----------------------------------------------------------+
; Option         ; Setting                                                  ;
+----------------+----------------------------------------------------------+
; Device         ; 5CSEMA5F31C6                                             ;
; JTAG usercode  ; 0x06AB95D6                                               ;
; Checksum       ; 0x06AB95D6                                               ;
+----------------+----------------------------------------------------------+


+--------------------+
; Assembler Messages ;
+--------------------+
Info: *******************************************************************
Info: Running Quartus Prime Assembler
    Info: Version 16.1.0 Build 196 10/24/2016 SJ Standard Edition
    Info: Processing started: Wed Apr 11 17:25:39 2018
Info: Command: quartus_asm --read_settings_files=off --write_settings_files=off DE1_SoC_Computer -c DE1_SoC_Computer
Info (115030): Assembler is generating device programming files
Warning (12914): The file, D:/701new/Computer_System.sopcinfo, is not embedded into sof file as expected.  Some tools, such as System Console, may not function fully.
Warning (11713): The configuration of the Hard Processor Subsystem (HPS) within this design has changed.
The Preloader software that initializes the HPS requires an update.
Using hps_isw_handoff/Computer_System_ARM_A9_HPS/, run the Preloader Support Package Generator to update your Preloader software
Info: Quartus Prime Assembler was successful. 0 errors, 2 warnings
    Info: Peak virtual memory: 904 megabytes
    Info: Processing ended: Wed Apr 11 17:25:56 2018
    Info: Elapsed time: 00:00:17
    Info: Total CPU time (on all processors): 00:00:16


